2024/12/20 13:28:03 [notice] 1#1: using the "epoll" event method
2024/12/20 13:28:03 [notice] 1#1: nginx/1.27.3
2024/12/20 13:28:03 [notice] 1#1: built by gcc 13.2.1 20240309 (Alpine 13.2.1_git20240309) 
2024/12/20 13:28:03 [notice] 1#1: OS: Linux 5.10.16.3-microsoft-standard-WSL2
2024/12/20 13:28:03 [notice] 1#1: getrlimit(RLIMIT_NOFILE): 1048576:1048576
2024/12/20 13:28:03 [notice] 1#1: start worker processes
2024/12/20 13:28:03 [notice] 1#1: start worker process 29
2024/12/20 13:28:03 [notice] 1#1: start worker process 30
2024/12/20 13:28:03 [notice] 1#1: start worker process 31
2024/12/20 13:28:03 [notice] 1#1: start worker process 32
2024/12/20 13:28:03 [notice] 1#1: start worker process 33
2024/12/20 13:28:03 [notice] 1#1: start worker process 34
2024/12/20 13:28:03 [notice] 1#1: start worker process 35
2024/12/20 13:28:03 [notice] 1#1: start worker process 36
2024/12/20 13:28:03 [notice] 1#1: start worker process 37
2024/12/20 13:28:03 [notice] 1#1: start worker process 38
2024/12/20 13:28:03 [notice] 1#1: start worker process 39
2024/12/20 13:28:03 [notice] 1#1: start worker process 40
2024/12/20 13:28:03 [notice] 1#1: start worker process 41
2024/12/20 13:28:03 [notice] 1#1: start worker process 42
2024/12/20 13:28:03 [notice] 1#1: start worker process 43
2024/12/20 13:28:03 [notice] 1#1: start worker process 44
2024/12/20 13:30:42 [notice] 1#1: signal 3 (SIGQUIT) received, shutting down
2024/12/20 13:30:42 [notice] 29#29: gracefully shutting down
2024/12/20 13:30:42 [notice] 38#38: gracefully shutting down
2024/12/20 13:30:42 [notice] 30#30: gracefully shutting down
2024/12/20 13:30:42 [notice] 31#31: gracefully shutting down
2024/12/20 13:30:42 [notice] 32#32: gracefully shutting down
2024/12/20 13:30:42 [notice] 33#33: gracefully shutting down
2024/12/20 13:30:42 [notice] 34#34: gracefully shutting down
2024/12/20 13:30:42 [notice] 35#35: gracefully shutting down
2024/12/20 13:30:42 [notice] 36#36: gracefully shutting down
2024/12/20 13:30:42 [notice] 37#37: gracefully shutting down
2024/12/20 13:30:42 [notice] 39#39: gracefully shutting down
2024/12/20 13:30:42 [notice] 40#40: gracefully shutting down
2024/12/20 13:30:42 [notice] 29#29: exiting
2024/12/20 13:30:42 [notice] 41#41: gracefully shutting down
2024/12/20 13:30:42 [notice] 42#42: gracefully shutting down
2024/12/20 13:30:42 [notice] 43#43: gracefully shutting down
2024/12/20 13:30:42 [notice] 44#44: gracefully shutting down
2024/12/20 13:30:42 [notice] 38#38: exiting
2024/12/20 13:30:42 [notice] 30#30: exiting
2024/12/20 13:30:42 [notice] 31#31: exiting
2024/12/20 13:30:42 [notice] 32#32: exiting
2024/12/20 13:30:42 [notice] 33#33: exiting
2024/12/20 13:30:42 [notice] 34#34: exiting
2024/12/20 13:30:42 [notice] 35#35: exiting
2024/12/20 13:30:42 [notice] 36#36: exiting
2024/12/20 13:30:42 [notice] 37#37: exiting
2024/12/20 13:30:42 [notice] 39#39: exiting
2024/12/20 13:30:42 [notice] 40#40: exiting
2024/12/20 13:30:42 [notice] 29#29: exit
2024/12/20 13:30:42 [notice] 41#41: exiting
2024/12/20 13:30:42 [notice] 42#42: exiting
2024/12/20 13:30:42 [notice] 43#43: exiting
2024/12/20 13:30:42 [notice] 44#44: exiting
2024/12/20 13:30:42 [notice] 38#38: exit
2024/12/20 13:30:42 [notice] 30#30: exit
2024/12/20 13:30:42 [notice] 31#31: exit
2024/12/20 13:30:42 [notice] 32#32: exit
2024/12/20 13:30:42 [notice] 33#33: exit
2024/12/20 13:30:42 [notice] 34#34: exit
2024/12/20 13:30:42 [notice] 35#35: exit
2024/12/20 13:30:42 [notice] 36#36: exit
2024/12/20 13:30:42 [notice] 37#37: exit
2024/12/20 13:30:42 [notice] 39#39: exit
2024/12/20 13:30:42 [notice] 40#40: exit
2024/12/20 13:30:42 [notice] 41#41: exit
2024/12/20 13:30:42 [notice] 42#42: exit
2024/12/20 13:30:42 [notice] 43#43: exit
2024/12/20 13:30:42 [notice] 44#44: exit
2024/12/20 13:30:43 [notice] 1#1: signal 17 (SIGCHLD) received from 30
2024/12/20 13:30:43 [notice] 1#1: worker process 30 exited with code 0
2024/12/20 13:30:43 [notice] 1#1: worker process 34 exited with code 0
2024/12/20 13:30:43 [notice] 1#1: worker process 39 exited with code 0
2024/12/20 13:30:43 [notice] 1#1: worker process 42 exited with code 0
2024/12/20 13:30:43 [notice] 1#1: signal 29 (SIGIO) received
2024/12/20 13:30:43 [notice] 1#1: signal 17 (SIGCHLD) received from 39
2024/12/20 13:30:43 [notice] 1#1: signal 17 (SIGCHLD) received from 32
2024/12/20 13:30:43 [notice] 1#1: worker process 32 exited with code 0
2024/12/20 13:30:43 [notice] 1#1: signal 29 (SIGIO) received
2024/12/20 13:30:43 [notice] 1#1: signal 17 (SIGCHLD) received from 43
2024/12/20 13:30:43 [notice] 1#1: worker process 31 exited with code 0
2024/12/20 13:30:43 [notice] 1#1: worker process 36 exited with code 0
2024/12/20 13:30:43 [notice] 1#1: worker process 43 exited with code 0
2024/12/20 13:30:43 [notice] 1#1: signal 29 (SIGIO) received
2024/12/20 13:30:43 [notice] 1#1: signal 17 (SIGCHLD) received from 33
2024/12/20 13:30:43 [notice] 1#1: worker process 33 exited with code 0
2024/12/20 13:30:43 [notice] 1#1: worker process 40 exited with code 0
2024/12/20 13:30:43 [notice] 1#1: signal 29 (SIGIO) received
2024/12/20 13:30:43 [notice] 1#1: signal 17 (SIGCHLD) received from 35
2024/12/20 13:30:43 [notice] 1#1: worker process 29 exited with code 0
2024/12/20 13:30:43 [notice] 1#1: worker process 35 exited with code 0
2024/12/20 13:30:43 [notice] 1#1: worker process 37 exited with code 0
2024/12/20 13:30:43 [notice] 1#1: worker process 38 exited with code 0
2024/12/20 13:30:43 [notice] 1#1: worker process 41 exited with code 0
2024/12/20 13:30:43 [notice] 1#1: worker process 44 exited with code 0
2024/12/20 13:30:43 [notice] 1#1: exit
2024/12/20 13:30:51 [notice] 1#1: using the "epoll" event method
2024/12/20 13:30:51 [notice] 1#1: nginx/1.27.3
2024/12/20 13:30:51 [notice] 1#1: built by gcc 13.2.1 20240309 (Alpine 13.2.1_git20240309) 
2024/12/20 13:30:51 [notice] 1#1: OS: Linux 5.10.16.3-microsoft-standard-WSL2
2024/12/20 13:30:51 [notice] 1#1: getrlimit(RLIMIT_NOFILE): 1048576:1048576
2024/12/20 13:30:51 [notice] 1#1: start worker processes
2024/12/20 13:30:51 [notice] 1#1: start worker process 29
2024/12/20 13:30:51 [notice] 1#1: start worker process 30
2024/12/20 13:30:51 [notice] 1#1: start worker process 31
2024/12/20 13:30:51 [notice] 1#1: start worker process 32
2024/12/20 13:30:51 [notice] 1#1: start worker process 33
2024/12/20 13:30:51 [notice] 1#1: start worker process 34
2024/12/20 13:30:51 [notice] 1#1: start worker process 35
2024/12/20 13:30:51 [notice] 1#1: start worker process 36
2024/12/20 13:30:51 [notice] 1#1: start worker process 37
2024/12/20 13:30:51 [notice] 1#1: start worker process 38
2024/12/20 13:30:51 [notice] 1#1: start worker process 39
2024/12/20 13:30:51 [notice] 1#1: start worker process 40
2024/12/20 13:30:51 [notice] 1#1: start worker process 41
2024/12/20 13:30:51 [notice] 1#1: start worker process 42
2024/12/20 13:30:51 [notice] 1#1: start worker process 43
2024/12/20 13:30:51 [notice] 1#1: start worker process 44
2024/12/20 13:34:21 [notice] 1#1: signal 3 (SIGQUIT) received, shutting down
2024/12/20 13:34:21 [notice] 29#29: gracefully shutting down
2024/12/20 13:34:21 [notice] 35#35: gracefully shutting down
2024/12/20 13:34:21 [notice] 31#31: gracefully shutting down
2024/12/20 13:34:21 [notice] 30#30: gracefully shutting down
2024/12/20 13:34:21 [notice] 32#32: gracefully shutting down
2024/12/20 13:34:21 [notice] 33#33: gracefully shutting down
2024/12/20 13:34:21 [notice] 34#34: gracefully shutting down
2024/12/20 13:34:21 [notice] 36#36: gracefully shutting down
2024/12/20 13:34:21 [notice] 29#29: exiting
2024/12/20 13:34:21 [notice] 38#38: gracefully shutting down
2024/12/20 13:34:21 [notice] 37#37: gracefully shutting down
2024/12/20 13:34:21 [notice] 39#39: gracefully shutting down
2024/12/20 13:34:21 [notice] 40#40: gracefully shutting down
2024/12/20 13:34:21 [notice] 41#41: gracefully shutting down
2024/12/20 13:34:21 [notice] 42#42: gracefully shutting down
2024/12/20 13:34:21 [notice] 43#43: gracefully shutting down
2024/12/20 13:34:21 [notice] 35#35: exiting
2024/12/20 13:34:21 [notice] 44#44: gracefully shutting down
2024/12/20 13:34:21 [notice] 31#31: exiting
2024/12/20 13:34:21 [notice] 30#30: exiting
2024/12/20 13:34:21 [notice] 32#32: exiting
2024/12/20 13:34:21 [notice] 34#34: exiting
2024/12/20 13:34:21 [notice] 36#36: exiting
2024/12/20 13:34:21 [notice] 29#29: exit
2024/12/20 13:34:21 [notice] 38#38: exiting
2024/12/20 13:34:21 [notice] 37#37: exiting
2024/12/20 13:34:21 [notice] 39#39: exiting
2024/12/20 13:34:21 [notice] 40#40: exiting
2024/12/20 13:34:21 [notice] 41#41: exiting
2024/12/20 13:34:21 [notice] 42#42: exiting
2024/12/20 13:34:21 [notice] 43#43: exiting
2024/12/20 13:34:21 [notice] 35#35: exit
2024/12/20 13:34:21 [notice] 44#44: exiting
2024/12/20 13:34:21 [notice] 31#31: exit
2024/12/20 13:34:21 [notice] 30#30: exit
2024/12/20 13:34:21 [notice] 32#32: exit
2024/12/20 13:34:21 [notice] 34#34: exit
2024/12/20 13:34:21 [notice] 36#36: exit
2024/12/20 13:34:21 [notice] 38#38: exit
2024/12/20 13:34:21 [notice] 37#37: exit
2024/12/20 13:34:21 [notice] 39#39: exit
2024/12/20 13:34:21 [notice] 40#40: exit
2024/12/20 13:34:21 [notice] 41#41: exit
2024/12/20 13:34:21 [notice] 42#42: exit
2024/12/20 13:34:21 [notice] 43#43: exit
2024/12/20 13:34:21 [notice] 44#44: exit
2024/12/20 13:34:21 [notice] 1#1: signal 17 (SIGCHLD) received from 32
2024/12/20 13:34:21 [notice] 1#1: worker process 32 exited with code 0
2024/12/20 13:34:21 [notice] 1#1: worker process 40 exited with code 0
2024/12/20 13:34:21 [notice] 1#1: worker process 43 exited with code 0
2024/12/20 13:34:21 [notice] 1#1: signal 29 (SIGIO) received
2024/12/20 13:34:21 [notice] 1#1: signal 17 (SIGCHLD) received from 40
2024/12/20 13:34:21 [notice] 1#1: signal 17 (SIGCHLD) received from 42
2024/12/20 13:34:21 [notice] 1#1: worker process 35 exited with code 0
2024/12/20 13:34:21 [notice] 1#1: worker process 42 exited with code 0
2024/12/20 13:34:21 [notice] 1#1: signal 29 (SIGIO) received
2024/12/20 13:34:21 [notice] 1#1: signal 17 (SIGCHLD) received from 35
2024/12/20 13:34:21 [notice] 1#1: signal 17 (SIGCHLD) received from 29
2024/12/20 13:34:21 [notice] 1#1: worker process 29 exited with code 0
2024/12/20 13:34:21 [notice] 1#1: worker process 34 exited with code 0
2024/12/20 13:34:21 [notice] 1#1: worker process 39 exited with code 0
2024/12/20 13:34:21 [notice] 1#1: worker process 44 exited with code 0
2024/12/20 13:34:21 [notice] 1#1: signal 29 (SIGIO) received
2024/12/20 13:34:21 [notice] 1#1: signal 17 (SIGCHLD) received from 39
2024/12/20 13:34:21 [notice] 1#1: signal 17 (SIGCHLD) received from 37
2024/12/20 13:34:21 [notice] 1#1: worker process 31 exited with code 0
2024/12/20 13:34:21 [notice] 1#1: worker process 36 exited with code 0
2024/12/20 13:34:21 [notice] 1#1: worker process 37 exited with code 0
2024/12/20 13:34:21 [notice] 1#1: signal 29 (SIGIO) received
2024/12/20 13:34:21 [notice] 1#1: signal 17 (SIGCHLD) received from 30
2024/12/20 13:34:21 [notice] 1#1: worker process 30 exited with code 0
2024/12/20 13:34:21 [notice] 1#1: signal 29 (SIGIO) received
2024/12/20 13:34:21 [notice] 1#1: signal 17 (SIGCHLD) received from 41
2024/12/20 13:34:21 [notice] 1#1: worker process 41 exited with code 0
2024/12/20 13:34:21 [notice] 1#1: signal 29 (SIGIO) received
2024/12/20 13:34:21 [notice] 1#1: signal 17 (SIGCHLD) received from 38
2024/12/20 13:34:21 [notice] 1#1: worker process 38 exited with code 0
2024/12/20 13:34:21 [notice] 1#1: signal 29 (SIGIO) received
2024/12/20 13:39:02 [notice] 1#1: using the "epoll" event method
2024/12/20 13:39:02 [notice] 1#1: nginx/1.27.3
2024/12/20 13:39:02 [notice] 1#1: built by gcc 13.2.1 20240309 (Alpine 13.2.1_git20240309) 
2024/12/20 13:39:02 [notice] 1#1: OS: Linux 5.10.16.3-microsoft-standard-WSL2
2024/12/20 13:39:02 [notice] 1#1: getrlimit(RLIMIT_NOFILE): 1048576:1048576
2024/12/20 13:39:02 [notice] 1#1: start worker processes
2024/12/20 13:39:02 [notice] 1#1: start worker process 29
2024/12/20 13:39:02 [notice] 1#1: start worker process 30
2024/12/20 13:39:02 [notice] 1#1: start worker process 31
2024/12/20 13:39:02 [notice] 1#1: start worker process 32
2024/12/20 13:39:02 [notice] 1#1: start worker process 33
2024/12/20 13:39:02 [notice] 1#1: start worker process 34
2024/12/20 13:39:02 [notice] 1#1: start worker process 35
2024/12/20 13:39:02 [notice] 1#1: start worker process 36
2024/12/20 13:39:02 [notice] 1#1: start worker process 37
2024/12/20 13:39:02 [notice] 1#1: start worker process 38
2024/12/20 13:39:02 [notice] 1#1: start worker process 39
2024/12/20 13:39:02 [notice] 1#1: start worker process 40
2024/12/20 13:39:02 [notice] 1#1: start worker process 41
2024/12/20 13:39:02 [notice] 1#1: start worker process 42
2024/12/20 13:39:02 [notice] 1#1: start worker process 43
2024/12/20 13:39:02 [notice] 1#1: start worker process 44
2024/12/20 14:03:14 [notice] 1#1: signal 3 (SIGQUIT) received, shutting down
2024/12/20 14:03:14 [notice] 31#31: gracefully shutting down
2024/12/20 14:03:14 [notice] 32#32: gracefully shutting down
2024/12/20 14:03:14 [notice] 33#33: gracefully shutting down
2024/12/20 14:03:14 [notice] 34#34: gracefully shutting down
2024/12/20 14:03:14 [notice] 36#36: gracefully shutting down
2024/12/20 14:03:14 [notice] 35#35: gracefully shutting down
2024/12/20 14:03:14 [notice] 37#37: gracefully shutting down
2024/12/20 14:03:14 [notice] 39#39: gracefully shutting down
2024/12/20 14:03:14 [notice] 38#38: gracefully shutting down
2024/12/20 14:03:14 [notice] 42#42: gracefully shutting down
2024/12/20 14:03:14 [notice] 41#41: gracefully shutting down
2024/12/20 14:03:14 [notice] 44#44: gracefully shutting down
2024/12/20 14:03:14 [notice] 30#30: gracefully shutting down
2024/12/20 14:03:14 [notice] 37#37: exiting
2024/12/20 14:03:14 [notice] 40#40: gracefully shutting down
2024/12/20 14:03:14 [notice] 43#43: gracefully shutting down
2024/12/20 14:03:14 [notice] 29#29: gracefully shutting down
2024/12/20 14:03:14 [notice] 31#31: exiting
2024/12/20 14:03:14 [notice] 32#32: exiting
2024/12/20 14:03:14 [notice] 34#34: exiting
2024/12/20 14:03:14 [notice] 32#32: exit
2024/12/20 14:03:14 [notice] 33#33: exiting
2024/12/20 14:03:14 [notice] 36#36: exiting
2024/12/20 14:03:14 [notice] 35#35: exiting
2024/12/20 14:03:14 [notice] 39#39: exiting
2024/12/20 14:03:14 [notice] 42#42: exiting
2024/12/20 14:03:14 [notice] 39#39: exit
2024/12/20 14:03:14 [notice] 41#41: exiting
2024/12/20 14:03:14 [notice] 44#44: exiting
2024/12/20 14:03:14 [notice] 37#37: exit
2024/12/20 14:03:14 [notice] 34#34: exit
2024/12/20 14:03:14 [notice] 31#31: exit
2024/12/20 14:03:14 [notice] 43#43: exiting
2024/12/20 14:03:14 [notice] 36#36: exit
2024/12/20 14:03:14 [notice] 33#33: exit
2024/12/20 14:03:14 [notice] 40#40: exiting
2024/12/20 14:03:14 [notice] 35#35: exit
2024/12/20 14:03:14 [notice] 30#30: exiting
2024/12/20 14:03:14 [notice] 42#42: exit
2024/12/20 14:03:14 [notice] 29#29: exiting
2024/12/20 14:03:14 [notice] 41#41: exit
2024/12/20 14:03:14 [notice] 44#44: exit
2024/12/20 14:03:14 [notice] 43#43: exit
2024/12/20 14:03:14 [notice] 40#40: exit
2024/12/20 14:03:14 [notice] 30#30: exit
2024/12/20 14:03:14 [notice] 29#29: exit
2024/12/20 14:03:14 [notice] 1#1: signal 17 (SIGCHLD) received from 30
2024/12/20 14:03:14 [notice] 1#1: worker process 30 exited with code 0
2024/12/20 14:03:14 [notice] 1#1: signal 29 (SIGIO) received
2024/12/20 14:03:14 [notice] 1#1: signal 17 (SIGCHLD) received from 37
2024/12/20 14:03:14 [notice] 1#1: worker process 37 exited with code 0
2024/12/20 14:03:14 [notice] 1#1: worker process 42 exited with code 0
2024/12/20 14:03:14 [notice] 1#1: signal 29 (SIGIO) received
2024/12/20 14:03:14 [notice] 1#1: signal 17 (SIGCHLD) received from 42
2024/12/20 14:03:14 [notice] 1#1: signal 17 (SIGCHLD) received from 31
2024/12/20 14:03:14 [notice] 1#1: worker process 31 exited with code 0
2024/12/20 14:03:14 [notice] 1#1: worker process 36 exited with code 0
2024/12/20 14:03:14 [notice] 1#1: worker process 40 exited with code 0
2024/12/20 14:03:14 [notice] 1#1: signal 29 (SIGIO) received
2024/12/20 14:03:14 [notice] 1#1: signal 17 (SIGCHLD) received from 40
2024/12/20 14:03:14 [notice] 1#1: signal 17 (SIGCHLD) received from 41
2024/12/20 14:03:14 [notice] 1#1: worker process 41 exited with code 0
2024/12/20 14:03:14 [notice] 1#1: signal 29 (SIGIO) received
2024/12/20 14:03:14 [notice] 1#1: signal 17 (SIGCHLD) received from 43
2024/12/20 14:03:14 [notice] 1#1: worker process 29 exited with code 0
2024/12/20 14:03:14 [notice] 1#1: worker process 43 exited with code 0
2024/12/20 14:03:14 [notice] 1#1: signal 29 (SIGIO) received
2024/12/20 14:03:14 [notice] 1#1: signal 17 (SIGCHLD) received from 39
2024/12/20 14:03:14 [notice] 1#1: worker process 39 exited with code 0
2024/12/20 14:03:14 [notice] 1#1: signal 29 (SIGIO) received
2024/12/20 14:03:14 [notice] 1#1: signal 17 (SIGCHLD) received from 44
2024/12/20 14:03:14 [notice] 1#1: worker process 44 exited with code 0
2024/12/20 14:03:14 [notice] 1#1: signal 29 (SIGIO) received
2024/12/20 14:03:14 [notice] 1#1: signal 17 (SIGCHLD) received from 32
2024/12/20 14:03:14 [notice] 1#1: worker process 32 exited with code 0
2024/12/20 14:03:14 [notice] 1#1: signal 29 (SIGIO) received
2024/12/20 14:03:14 [notice] 1#1: signal 17 (SIGCHLD) received from 33
2024/12/20 14:03:14 [notice] 1#1: worker process 33 exited with code 0
2024/12/20 14:03:14 [notice] 1#1: signal 29 (SIGIO) received
2024/12/20 14:03:14 [notice] 1#1: signal 17 (SIGCHLD) received from 34
2024/12/20 14:03:14 [notice] 1#1: worker process 34 exited with code 0
2024/12/20 14:03:14 [notice] 1#1: worker process 35 exited with code 0
2024/12/20 14:03:14 [notice] 1#1: signal 29 (SIGIO) received
2024/12/20 14:03:25 [notice] 1#1: using the "epoll" event method
2024/12/20 14:03:25 [notice] 1#1: nginx/1.27.3
2024/12/20 14:03:25 [notice] 1#1: built by gcc 13.2.1 20240309 (Alpine 13.2.1_git20240309) 
2024/12/20 14:03:25 [notice] 1#1: OS: Linux 5.10.16.3-microsoft-standard-WSL2
2024/12/20 14:03:25 [notice] 1#1: getrlimit(RLIMIT_NOFILE): 1048576:1048576
2024/12/20 14:03:25 [notice] 1#1: start worker processes
2024/12/20 14:03:25 [notice] 1#1: start worker process 29
2024/12/20 14:03:25 [notice] 1#1: start worker process 30
2024/12/20 14:03:25 [notice] 1#1: start worker process 31
2024/12/20 14:03:25 [notice] 1#1: start worker process 32
2024/12/20 14:03:25 [notice] 1#1: start worker process 33
2024/12/20 14:03:25 [notice] 1#1: start worker process 34
2024/12/20 14:03:25 [notice] 1#1: start worker process 35
2024/12/20 14:03:25 [notice] 1#1: start worker process 36
2024/12/20 14:03:25 [notice] 1#1: start worker process 37
2024/12/20 14:03:25 [notice] 1#1: start worker process 38
2024/12/20 14:03:25 [notice] 1#1: start worker process 39
2024/12/20 14:03:25 [notice] 1#1: start worker process 40
2024/12/20 14:03:25 [notice] 1#1: start worker process 41
2024/12/20 14:03:25 [notice] 1#1: start worker process 42
2024/12/20 14:03:25 [notice] 1#1: start worker process 43
2024/12/20 14:03:25 [notice] 1#1: start worker process 44
2024/12/20 14:35:03 [notice] 1#1: signal 3 (SIGQUIT) received, shutting down
2024/12/20 14:35:03 [notice] 33#33: gracefully shutting down
2024/12/20 14:35:03 [notice] 36#36: gracefully shutting down
2024/12/20 14:35:03 [notice] 35#35: gracefully shutting down
2024/12/20 14:35:03 [notice] 34#34: gracefully shutting down
2024/12/20 14:35:03 [notice] 37#37: gracefully shutting down
2024/12/20 14:35:03 [notice] 38#38: gracefully shutting down
2024/12/20 14:35:03 [notice] 39#39: gracefully shutting down
2024/12/20 14:35:03 [notice] 29#29: gracefully shutting down
2024/12/20 14:35:03 [notice] 40#40: gracefully shutting down
2024/12/20 14:35:03 [notice] 30#30: gracefully shutting down
2024/12/20 14:35:03 [notice] 32#32: gracefully shutting down
2024/12/20 14:35:03 [notice] 31#31: gracefully shutting down
2024/12/20 14:35:03 [notice] 41#41: gracefully shutting down
2024/12/20 14:35:03 [notice] 42#42: gracefully shutting down
2024/12/20 14:35:03 [notice] 44#44: gracefully shutting down
2024/12/20 14:35:03 [notice] 43#43: gracefully shutting down
2024/12/20 14:35:03 [notice] 33#33: exiting
2024/12/20 14:35:03 [notice] 36#36: exiting
2024/12/20 14:35:03 [notice] 35#35: exiting
2024/12/20 14:35:03 [notice] 37#37: exiting
2024/12/20 14:35:03 [notice] 34#34: exiting
2024/12/20 14:35:03 [notice] 38#38: exiting
2024/12/20 14:35:03 [notice] 39#39: exiting
2024/12/20 14:35:03 [notice] 40#40: exiting
2024/12/20 14:35:03 [notice] 29#29: exiting
2024/12/20 14:35:03 [notice] 30#30: exiting
2024/12/20 14:35:03 [notice] 32#32: exiting
2024/12/20 14:35:03 [notice] 41#41: exiting
2024/12/20 14:35:03 [notice] 31#31: exiting
2024/12/20 14:35:03 [notice] 42#42: exiting
2024/12/20 14:35:03 [notice] 44#44: exiting
2024/12/20 14:35:03 [notice] 43#43: exiting
2024/12/20 14:35:03 [notice] 33#33: exit
2024/12/20 14:35:03 [notice] 44#44: exit
2024/12/20 14:35:03 [notice] 36#36: exit
2024/12/20 14:35:03 [notice] 37#37: exit
2024/12/20 14:35:03 [notice] 35#35: exit
2024/12/20 14:35:03 [notice] 34#34: exit
2024/12/20 14:35:03 [notice] 38#38: exit
2024/12/20 14:35:03 [notice] 39#39: exit
2024/12/20 14:35:03 [notice] 40#40: exit
2024/12/20 14:35:03 [notice] 29#29: exit
2024/12/20 14:35:03 [notice] 32#32: exit
2024/12/20 14:35:03 [notice] 30#30: exit
2024/12/20 14:35:03 [notice] 41#41: exit
2024/12/20 14:35:03 [notice] 42#42: exit
2024/12/20 14:35:03 [notice] 31#31: exit
2024/12/20 14:35:03 [notice] 43#43: exit
2024/12/20 14:35:03 [notice] 1#1: signal 17 (SIGCHLD) received from 37
2024/12/20 14:35:03 [notice] 1#1: worker process 35 exited with code 0
2024/12/20 14:35:03 [notice] 1#1: worker process 37 exited with code 0
2024/12/20 14:35:03 [notice] 1#1: signal 29 (SIGIO) received
2024/12/20 14:35:03 [notice] 1#1: signal 17 (SIGCHLD) received from 31
2024/12/20 14:35:03 [notice] 1#1: worker process 31 exited with code 0
2024/12/20 14:35:03 [notice] 1#1: signal 29 (SIGIO) received
2024/12/20 14:35:03 [notice] 1#1: signal 17 (SIGCHLD) received from 34
2024/12/20 14:35:03 [notice] 1#1: worker process 34 exited with code 0
2024/12/20 14:35:03 [notice] 1#1: signal 29 (SIGIO) received
2024/12/20 14:35:03 [notice] 1#1: signal 17 (SIGCHLD) received from 44
2024/12/20 14:35:03 [notice] 1#1: worker process 44 exited with code 0
2024/12/20 14:35:03 [notice] 1#1: signal 29 (SIGIO) received
2024/12/20 14:35:03 [notice] 1#1: signal 17 (SIGCHLD) received from 30
2024/12/20 14:35:03 [notice] 1#1: worker process 30 exited with code 0
2024/12/20 14:35:03 [notice] 1#1: worker process 42 exited with code 0
2024/12/20 14:35:03 [notice] 1#1: signal 29 (SIGIO) received
2024/12/20 14:35:03 [notice] 1#1: signal 17 (SIGCHLD) received from 42
2024/12/20 14:35:03 [notice] 1#1: signal 17 (SIGCHLD) received from 29
2024/12/20 14:35:03 [notice] 1#1: worker process 29 exited with code 0
2024/12/20 14:35:03 [notice] 1#1: worker process 43 exited with code 0
2024/12/20 14:35:03 [notice] 1#1: signal 29 (SIGIO) received
2024/12/20 14:35:03 [notice] 1#1: signal 17 (SIGCHLD) received from 43
2024/12/20 14:35:03 [notice] 1#1: signal 17 (SIGCHLD) received from 38
2024/12/20 14:35:03 [notice] 1#1: worker process 38 exited with code 0
2024/12/20 14:35:03 [notice] 1#1: signal 29 (SIGIO) received
2024/12/20 14:35:03 [notice] 1#1: signal 17 (SIGCHLD) received from 32
2024/12/20 14:35:03 [notice] 1#1: worker process 32 exited with code 0
2024/12/20 14:35:03 [notice] 1#1: signal 29 (SIGIO) received
2024/12/20 14:35:03 [notice] 1#1: signal 17 (SIGCHLD) received from 36
2024/12/20 14:35:03 [notice] 1#1: worker process 36 exited with code 0
2024/12/20 14:35:03 [notice] 1#1: worker process 39 exited with code 0
2024/12/20 14:35:03 [notice] 1#1: worker process 40 exited with code 0
2024/12/20 14:35:03 [notice] 1#1: worker process 41 exited with code 0
2024/12/20 14:35:03 [notice] 1#1: signal 29 (SIGIO) received
2024/12/20 14:35:03 [notice] 1#1: signal 17 (SIGCHLD) received from 41
2024/12/20 14:35:03 [notice] 1#1: signal 17 (SIGCHLD) received from 33
2024/12/20 14:35:03 [notice] 1#1: worker process 33 exited with code 0
2024/12/20 14:35:03 [notice] 1#1: exit
2024/12/20 14:35:18 [notice] 1#1: using the "epoll" event method
2024/12/20 14:35:18 [notice] 1#1: nginx/1.27.3
2024/12/20 14:35:18 [notice] 1#1: built by gcc 13.2.1 20240309 (Alpine 13.2.1_git20240309) 
2024/12/20 14:35:18 [notice] 1#1: OS: Linux 5.10.16.3-microsoft-standard-WSL2
2024/12/20 14:35:18 [notice] 1#1: getrlimit(RLIMIT_NOFILE): 1048576:1048576
2024/12/20 14:35:18 [notice] 1#1: start worker processes
2024/12/20 14:35:18 [notice] 1#1: start worker process 29
2024/12/20 14:35:18 [notice] 1#1: start worker process 30
2024/12/20 14:35:18 [notice] 1#1: start worker process 31
2024/12/20 14:35:18 [notice] 1#1: start worker process 32
2024/12/20 14:35:18 [notice] 1#1: start worker process 33
2024/12/20 14:35:18 [notice] 1#1: start worker process 34
2024/12/20 14:35:18 [notice] 1#1: start worker process 35
2024/12/20 14:35:18 [notice] 1#1: start worker process 36
2024/12/20 14:35:18 [notice] 1#1: start worker process 37
2024/12/20 14:35:18 [notice] 1#1: start worker process 38
2024/12/20 14:35:18 [notice] 1#1: start worker process 39
2024/12/20 14:35:18 [notice] 1#1: start worker process 40
2024/12/20 14:35:18 [notice] 1#1: start worker process 41
2024/12/20 14:35:18 [notice] 1#1: start worker process 42
2024/12/20 14:35:18 [notice] 1#1: start worker process 43
2024/12/20 14:35:18 [notice] 1#1: start worker process 44
2025/03/13 13:16:03 [notice] 1#1: using the "epoll" event method
2025/03/13 13:16:03 [notice] 1#1: nginx/1.27.4
2025/03/13 13:16:03 [notice] 1#1: built by gcc 14.2.0 (Alpine 14.2.0) 
2025/03/13 13:16:03 [notice] 1#1: OS: Linux 5.10.16.3-microsoft-standard-WSL2
2025/03/13 13:16:03 [notice] 1#1: getrlimit(RLIMIT_NOFILE): 1048576:1048576
2025/03/13 13:16:03 [notice] 1#1: start worker processes
2025/03/13 13:16:03 [notice] 1#1: start worker process 29
2025/03/13 13:16:03 [notice] 1#1: start worker process 30
2025/03/13 13:16:03 [notice] 1#1: start worker process 31
2025/03/13 13:16:03 [notice] 1#1: start worker process 32
2025/03/13 13:16:03 [notice] 1#1: start worker process 33
2025/03/13 13:16:03 [notice] 1#1: start worker process 34
2025/03/13 13:16:03 [notice] 1#1: start worker process 35
2025/03/13 13:16:03 [notice] 1#1: start worker process 36
2025/03/13 13:16:03 [notice] 1#1: start worker process 37
2025/03/13 13:16:03 [notice] 1#1: start worker process 38
2025/03/13 13:16:03 [notice] 1#1: start worker process 39
2025/03/13 13:16:03 [notice] 1#1: start worker process 40
2025/03/13 13:16:03 [notice] 1#1: start worker process 41
2025/03/13 13:16:03 [notice] 1#1: start worker process 42
2025/03/13 13:16:03 [notice] 1#1: start worker process 43
2025/03/13 13:16:03 [notice] 1#1: start worker process 44
2025/03/13 13:22:35 [notice] 1#1: signal 3 (SIGQUIT) received, shutting down
2025/03/13 13:22:35 [notice] 29#29: gracefully shutting down
2025/03/13 13:22:35 [notice] 40#40: gracefully shutting down
2025/03/13 13:22:35 [notice] 30#30: gracefully shutting down
2025/03/13 13:22:35 [notice] 31#31: gracefully shutting down
2025/03/13 13:22:35 [notice] 32#32: gracefully shutting down
2025/03/13 13:22:35 [notice] 34#34: gracefully shutting down
2025/03/13 13:22:35 [notice] 33#33: gracefully shutting down
2025/03/13 13:22:35 [notice] 35#35: gracefully shutting down
2025/03/13 13:22:35 [notice] 36#36: gracefully shutting down
2025/03/13 13:22:35 [notice] 37#37: gracefully shutting down
2025/03/13 13:22:35 [notice] 38#38: gracefully shutting down
2025/03/13 13:22:35 [notice] 39#39: gracefully shutting down
2025/03/13 13:22:35 [notice] 41#41: gracefully shutting down
2025/03/13 13:22:35 [notice] 42#42: gracefully shutting down
2025/03/13 13:22:35 [notice] 44#44: gracefully shutting down
2025/03/13 13:22:35 [notice] 43#43: gracefully shutting down
2025/03/13 13:22:35 [notice] 29#29: exiting
2025/03/13 13:22:35 [notice] 40#40: exiting
2025/03/13 13:22:35 [notice] 30#30: exiting
2025/03/13 13:22:35 [notice] 31#31: exiting
2025/03/13 13:22:35 [notice] 32#32: exiting
2025/03/13 13:22:35 [notice] 34#34: exiting
2025/03/13 13:22:35 [notice] 33#33: exiting
2025/03/13 13:22:35 [notice] 35#35: exiting
2025/03/13 13:22:35 [notice] 36#36: exiting
2025/03/13 13:22:35 [notice] 37#37: exiting
2025/03/13 13:22:35 [notice] 38#38: exiting
2025/03/13 13:22:35 [notice] 39#39: exiting
2025/03/13 13:22:35 [notice] 41#41: exiting
2025/03/13 13:22:35 [notice] 42#42: exiting
2025/03/13 13:22:35 [notice] 44#44: exiting
2025/03/13 13:22:35 [notice] 43#43: exiting
2025/03/13 13:22:35 [notice] 29#29: exit
2025/03/13 13:22:35 [notice] 40#40: exit
2025/03/13 13:22:35 [notice] 30#30: exit
2025/03/13 13:22:35 [notice] 31#31: exit
2025/03/13 13:22:35 [notice] 32#32: exit
2025/03/13 13:22:35 [notice] 34#34: exit
2025/03/13 13:22:35 [notice] 33#33: exit
2025/03/13 13:22:35 [notice] 35#35: exit
2025/03/13 13:22:35 [notice] 36#36: exit
2025/03/13 13:22:35 [notice] 37#37: exit
2025/03/13 13:22:35 [notice] 38#38: exit
2025/03/13 13:22:35 [notice] 39#39: exit
2025/03/13 13:22:35 [notice] 41#41: exit
2025/03/13 13:22:35 [notice] 42#42: exit
2025/03/13 13:22:35 [notice] 44#44: exit
2025/03/13 13:22:35 [notice] 43#43: exit
2025/03/13 13:22:35 [notice] 1#1: signal 17 (SIGCHLD) received from 41
2025/03/13 13:22:35 [notice] 1#1: worker process 35 exited with code 0
2025/03/13 13:22:35 [notice] 1#1: worker process 40 exited with code 0
2025/03/13 13:22:35 [notice] 1#1: worker process 41 exited with code 0
2025/03/13 13:22:35 [notice] 1#1: signal 29 (SIGIO) received
2025/03/13 13:22:35 [notice] 1#1: signal 17 (SIGCHLD) received from 40
2025/03/13 13:22:35 [notice] 1#1: signal 17 (SIGCHLD) received from 38
2025/03/13 13:22:35 [notice] 1#1: worker process 30 exited with code 0
2025/03/13 13:22:35 [notice] 1#1: worker process 36 exited with code 0
2025/03/13 13:22:35 [notice] 1#1: worker process 38 exited with code 0
2025/03/13 13:22:35 [notice] 1#1: worker process 42 exited with code 0
2025/03/13 13:22:35 [notice] 1#1: signal 29 (SIGIO) received
2025/03/13 13:22:35 [notice] 1#1: signal 17 (SIGCHLD) received from 42
2025/03/13 13:22:35 [notice] 1#1: signal 17 (SIGCHLD) received from 33
2025/03/13 13:22:35 [notice] 1#1: worker process 33 exited with code 0
2025/03/13 13:22:35 [notice] 1#1: worker process 39 exited with code 0
2025/03/13 13:22:35 [notice] 1#1: signal 29 (SIGIO) received
2025/03/13 13:22:35 [notice] 1#1: signal 17 (SIGCHLD) received from 39
2025/03/13 13:22:35 [notice] 1#1: signal 17 (SIGCHLD) received from 32
2025/03/13 13:22:35 [notice] 1#1: worker process 32 exited with code 0
2025/03/13 13:22:35 [notice] 1#1: signal 29 (SIGIO) received
2025/03/13 13:22:35 [notice] 1#1: signal 17 (SIGCHLD) received from 31
2025/03/13 13:22:35 [notice] 1#1: worker process 31 exited with code 0
2025/03/13 13:22:35 [notice] 1#1: worker process 37 exited with code 0
2025/03/13 13:22:35 [notice] 1#1: worker process 44 exited with code 0
2025/03/13 13:22:35 [notice] 1#1: signal 29 (SIGIO) received
2025/03/13 13:22:35 [notice] 1#1: signal 17 (SIGCHLD) received from 34
2025/03/13 13:22:35 [notice] 1#1: worker process 29 exited with code 0
2025/03/13 13:22:35 [notice] 1#1: worker process 34 exited with code 0
2025/03/13 13:22:35 [notice] 1#1: signal 29 (SIGIO) received
2025/03/13 13:22:35 [notice] 1#1: signal 17 (SIGCHLD) received from 43
2025/03/13 13:22:35 [notice] 1#1: worker process 43 exited with code 0
2025/03/13 13:22:35 [notice] 1#1: exit
2025/03/13 13:22:37 [notice] 1#1: using the "epoll" event method
2025/03/13 13:22:37 [notice] 1#1: nginx/1.27.4
2025/03/13 13:22:37 [notice] 1#1: built by gcc 14.2.0 (Alpine 14.2.0) 
2025/03/13 13:22:37 [notice] 1#1: OS: Linux 5.10.16.3-microsoft-standard-WSL2
2025/03/13 13:22:37 [notice] 1#1: getrlimit(RLIMIT_NOFILE): 1048576:1048576
2025/03/13 13:22:37 [notice] 1#1: start worker processes
2025/03/13 13:22:37 [notice] 1#1: start worker process 29
2025/03/13 13:22:37 [notice] 1#1: start worker process 30
2025/03/13 13:22:37 [notice] 1#1: start worker process 31
2025/03/13 13:22:37 [notice] 1#1: start worker process 32
2025/03/13 13:22:37 [notice] 1#1: start worker process 33
2025/03/13 13:22:37 [notice] 1#1: start worker process 34
2025/03/13 13:22:37 [notice] 1#1: start worker process 35
2025/03/13 13:22:37 [notice] 1#1: start worker process 36
2025/03/13 13:22:37 [notice] 1#1: start worker process 37
2025/03/13 13:22:37 [notice] 1#1: start worker process 38
2025/03/13 13:22:37 [notice] 1#1: start worker process 39
2025/03/13 13:22:37 [notice] 1#1: start worker process 40
2025/03/13 13:22:37 [notice] 1#1: start worker process 41
2025/03/13 13:22:37 [notice] 1#1: start worker process 42
2025/03/13 13:22:37 [notice] 1#1: start worker process 43
2025/03/13 13:22:37 [notice] 1#1: start worker process 44
2025/03/13 13:30:44 [notice] 1#1: signal 3 (SIGQUIT) received, shutting down
2025/03/13 13:30:44 [notice] 30#30: gracefully shutting down
2025/03/13 13:30:44 [notice] 43#43: gracefully shutting down
2025/03/13 13:30:44 [notice] 29#29: gracefully shutting down
2025/03/13 13:30:44 [notice] 31#31: gracefully shutting down
2025/03/13 13:30:44 [notice] 33#33: gracefully shutting down
2025/03/13 13:30:44 [notice] 32#32: gracefully shutting down
2025/03/13 13:30:44 [notice] 34#34: gracefully shutting down
2025/03/13 13:30:44 [notice] 35#35: gracefully shutting down
2025/03/13 13:30:44 [notice] 36#36: gracefully shutting down
2025/03/13 13:30:44 [notice] 37#37: gracefully shutting down
2025/03/13 13:30:44 [notice] 39#39: gracefully shutting down
2025/03/13 13:30:44 [notice] 38#38: gracefully shutting down
2025/03/13 13:30:44 [notice] 41#41: gracefully shutting down
2025/03/13 13:30:44 [notice] 40#40: gracefully shutting down
2025/03/13 13:30:44 [notice] 42#42: gracefully shutting down
2025/03/13 13:30:44 [notice] 44#44: gracefully shutting down
2025/03/13 13:30:44 [notice] 30#30: exiting
2025/03/13 13:30:44 [notice] 43#43: exiting
2025/03/13 13:30:44 [notice] 29#29: exiting
2025/03/13 13:30:44 [notice] 31#31: exiting
2025/03/13 13:30:44 [notice] 33#33: exiting
2025/03/13 13:30:44 [notice] 32#32: exiting
2025/03/13 13:30:44 [notice] 34#34: exiting
2025/03/13 13:30:44 [notice] 35#35: exiting
2025/03/13 13:30:44 [notice] 36#36: exiting
2025/03/13 13:30:44 [notice] 37#37: exiting
2025/03/13 13:30:44 [notice] 39#39: exiting
2025/03/13 13:30:44 [notice] 38#38: exiting
2025/03/13 13:30:44 [notice] 41#41: exiting
2025/03/13 13:30:44 [notice] 40#40: exiting
2025/03/13 13:30:44 [notice] 42#42: exiting
2025/03/13 13:30:44 [notice] 44#44: exiting
2025/03/13 13:30:44 [notice] 30#30: exit
2025/03/13 13:30:44 [notice] 43#43: exit
2025/03/13 13:30:44 [notice] 29#29: exit
2025/03/13 13:30:44 [notice] 31#31: exit
2025/03/13 13:30:44 [notice] 33#33: exit
2025/03/13 13:30:44 [notice] 32#32: exit
2025/03/13 13:30:44 [notice] 34#34: exit
2025/03/13 13:30:44 [notice] 35#35: exit
2025/03/13 13:30:44 [notice] 36#36: exit
2025/03/13 13:30:44 [notice] 37#37: exit
2025/03/13 13:30:44 [notice] 39#39: exit
2025/03/13 13:30:44 [notice] 38#38: exit
2025/03/13 13:30:44 [notice] 41#41: exit
2025/03/13 13:30:44 [notice] 40#40: exit
2025/03/13 13:30:44 [notice] 42#42: exit
2025/03/13 13:30:44 [notice] 44#44: exit
2025/03/13 13:30:45 [notice] 1#1: signal 17 (SIGCHLD) received from 39
2025/03/13 13:30:45 [notice] 1#1: worker process 30 exited with code 0
2025/03/13 13:30:45 [notice] 1#1: worker process 33 exited with code 0
2025/03/13 13:30:45 [notice] 1#1: worker process 35 exited with code 0
2025/03/13 13:30:45 [notice] 1#1: worker process 37 exited with code 0
2025/03/13 13:30:45 [notice] 1#1: worker process 39 exited with code 0
2025/03/13 13:30:45 [notice] 1#1: worker process 40 exited with code 0
2025/03/13 13:30:45 [notice] 1#1: worker process 41 exited with code 0
2025/03/13 13:30:45 [notice] 1#1: signal 29 (SIGIO) received
2025/03/13 13:30:45 [notice] 1#1: signal 17 (SIGCHLD) received from 37
2025/03/13 13:30:45 [notice] 1#1: signal 17 (SIGCHLD) received from 34
2025/03/13 13:30:45 [notice] 1#1: worker process 34 exited with code 0
2025/03/13 13:30:45 [notice] 1#1: worker process 38 exited with code 0
2025/03/13 13:30:45 [notice] 1#1: signal 29 (SIGIO) received
2025/03/13 13:30:45 [notice] 1#1: signal 17 (SIGCHLD) received from 38
2025/03/13 13:30:45 [notice] 1#1: signal 17 (SIGCHLD) received from 29
2025/03/13 13:30:45 [notice] 1#1: worker process 29 exited with code 0
2025/03/13 13:30:45 [notice] 1#1: signal 29 (SIGIO) received
2025/03/13 13:30:45 [notice] 1#1: signal 17 (SIGCHLD) received from 43
2025/03/13 13:30:45 [notice] 1#1: worker process 36 exited with code 0
2025/03/13 13:30:45 [notice] 1#1: worker process 43 exited with code 0
2025/03/13 13:30:45 [notice] 1#1: worker process 44 exited with code 0
2025/03/13 13:30:45 [notice] 1#1: signal 29 (SIGIO) received
2025/03/13 13:30:45 [notice] 1#1: signal 17 (SIGCHLD) received from 42
2025/03/13 13:30:45 [notice] 1#1: worker process 32 exited with code 0
2025/03/13 13:30:45 [notice] 1#1: worker process 42 exited with code 0
2025/03/13 13:30:45 [notice] 1#1: signal 29 (SIGIO) received
2025/03/13 13:30:45 [notice] 1#1: signal 17 (SIGCHLD) received from 31
2025/03/13 13:30:45 [notice] 1#1: worker process 31 exited with code 0
2025/03/13 13:30:45 [notice] 1#1: exit
2025/03/13 13:30:49 [notice] 1#1: using the "epoll" event method
2025/03/13 13:30:49 [notice] 1#1: nginx/1.27.4
2025/03/13 13:30:49 [notice] 1#1: built by gcc 14.2.0 (Alpine 14.2.0) 
2025/03/13 13:30:49 [notice] 1#1: OS: Linux 5.10.16.3-microsoft-standard-WSL2
2025/03/13 13:30:49 [notice] 1#1: getrlimit(RLIMIT_NOFILE): 1048576:1048576
2025/03/13 13:30:49 [notice] 1#1: start worker processes
2025/03/13 13:30:49 [notice] 1#1: start worker process 29
2025/03/13 13:30:49 [notice] 1#1: start worker process 30
2025/03/13 13:30:49 [notice] 1#1: start worker process 31
2025/03/13 13:30:49 [notice] 1#1: start worker process 32
2025/03/13 13:30:49 [notice] 1#1: start worker process 33
2025/03/13 13:30:49 [notice] 1#1: start worker process 34
2025/03/13 13:30:49 [notice] 1#1: start worker process 35
2025/03/13 13:30:49 [notice] 1#1: start worker process 36
2025/03/13 13:30:49 [notice] 1#1: start worker process 37
2025/03/13 13:30:49 [notice] 1#1: start worker process 38
2025/03/13 13:30:49 [notice] 1#1: start worker process 39
2025/03/13 13:30:49 [notice] 1#1: start worker process 40
2025/03/13 13:30:49 [notice] 1#1: start worker process 41
2025/03/13 13:30:49 [notice] 1#1: start worker process 42
2025/03/13 13:30:49 [notice] 1#1: start worker process 43
2025/03/13 13:30:49 [notice] 1#1: start worker process 44
2025/03/13 13:33:33 [notice] 1#1: signal 3 (SIGQUIT) received, shutting down
2025/03/13 13:33:33 [notice] 29#29: gracefully shutting down
2025/03/13 13:33:33 [notice] 43#43: gracefully shutting down
2025/03/13 13:33:33 [notice] 30#30: gracefully shutting down
2025/03/13 13:33:33 [notice] 31#31: gracefully shutting down
2025/03/13 13:33:33 [notice] 32#32: gracefully shutting down
2025/03/13 13:33:33 [notice] 33#33: gracefully shutting down
2025/03/13 13:33:33 [notice] 34#34: gracefully shutting down
2025/03/13 13:33:33 [notice] 35#35: gracefully shutting down
2025/03/13 13:33:33 [notice] 36#36: gracefully shutting down
2025/03/13 13:33:33 [notice] 37#37: gracefully shutting down
2025/03/13 13:33:33 [notice] 38#38: gracefully shutting down
2025/03/13 13:33:33 [notice] 39#39: gracefully shutting down
2025/03/13 13:33:33 [notice] 40#40: gracefully shutting down
2025/03/13 13:33:33 [notice] 41#41: gracefully shutting down
2025/03/13 13:33:33 [notice] 44#44: gracefully shutting down
2025/03/13 13:33:33 [notice] 42#42: gracefully shutting down
2025/03/13 13:33:33 [notice] 29#29: exiting
2025/03/13 13:33:33 [notice] 43#43: exiting
2025/03/13 13:33:33 [notice] 30#30: exiting
2025/03/13 13:33:33 [notice] 43#43: exit
2025/03/13 13:33:33 [notice] 31#31: exiting
2025/03/13 13:33:33 [notice] 32#32: exiting
2025/03/13 13:33:33 [notice] 33#33: exiting
2025/03/13 13:33:33 [notice] 34#34: exiting
2025/03/13 13:33:33 [notice] 35#35: exiting
2025/03/13 13:33:33 [notice] 36#36: exiting
2025/03/13 13:33:33 [notice] 37#37: exiting
2025/03/13 13:33:33 [notice] 38#38: exiting
2025/03/13 13:33:33 [notice] 39#39: exiting
2025/03/13 13:33:33 [notice] 40#40: exiting
2025/03/13 13:33:33 [notice] 41#41: exiting
2025/03/13 13:33:33 [notice] 44#44: exiting
2025/03/13 13:33:33 [notice] 42#42: exiting
2025/03/13 13:33:33 [notice] 29#29: exit
2025/03/13 13:33:33 [notice] 30#30: exit
2025/03/13 13:33:33 [notice] 31#31: exit
2025/03/13 13:33:33 [notice] 32#32: exit
2025/03/13 13:33:33 [notice] 33#33: exit
2025/03/13 13:33:33 [notice] 34#34: exit
2025/03/13 13:33:33 [notice] 35#35: exit
2025/03/13 13:33:33 [notice] 36#36: exit
2025/03/13 13:33:33 [notice] 37#37: exit
2025/03/13 13:33:33 [notice] 38#38: exit
2025/03/13 13:33:33 [notice] 39#39: exit
2025/03/13 13:33:33 [notice] 40#40: exit
2025/03/13 13:33:33 [notice] 41#41: exit
2025/03/13 13:33:33 [notice] 44#44: exit
2025/03/13 13:33:33 [notice] 42#42: exit
2025/03/13 13:33:33 [notice] 1#1: signal 17 (SIGCHLD) received from 41
2025/03/13 13:33:33 [notice] 1#1: worker process 37 exited with code 0
2025/03/13 13:33:33 [notice] 1#1: worker process 41 exited with code 0
2025/03/13 13:33:33 [notice] 1#1: signal 29 (SIGIO) received
2025/03/13 13:33:33 [notice] 1#1: signal 17 (SIGCHLD) received from 37
2025/03/13 13:33:33 [notice] 1#1: signal 17 (SIGCHLD) received from 34
2025/03/13 13:33:33 [notice] 1#1: worker process 34 exited with code 0
2025/03/13 13:33:33 [notice] 1#1: signal 29 (SIGIO) received
2025/03/13 13:33:33 [notice] 1#1: signal 17 (SIGCHLD) received from 40
2025/03/13 13:33:33 [notice] 1#1: worker process 40 exited with code 0
2025/03/13 13:33:33 [notice] 1#1: worker process 43 exited with code 0
2025/03/13 13:33:33 [notice] 1#1: signal 29 (SIGIO) received
2025/03/13 13:33:33 [notice] 1#1: signal 17 (SIGCHLD) received from 42
2025/03/13 13:33:33 [notice] 1#1: worker process 29 exited with code 0
2025/03/13 13:33:33 [notice] 1#1: worker process 33 exited with code 0
2025/03/13 13:33:33 [notice] 1#1: worker process 42 exited with code 0
2025/03/13 13:33:33 [notice] 1#1: signal 29 (SIGIO) received
2025/03/13 13:33:33 [notice] 1#1: signal 17 (SIGCHLD) received from 31
2025/03/13 13:33:33 [notice] 1#1: worker process 31 exited with code 0
2025/03/13 13:33:33 [notice] 1#1: worker process 36 exited with code 0
2025/03/13 13:33:33 [notice] 1#1: worker process 39 exited with code 0
2025/03/13 13:33:33 [notice] 1#1: signal 29 (SIGIO) received
2025/03/13 13:33:33 [notice] 1#1: signal 17 (SIGCHLD) received from 36
2025/03/13 13:33:33 [notice] 1#1: signal 17 (SIGCHLD) received from 30
2025/03/13 13:33:33 [notice] 1#1: worker process 30 exited with code 0
2025/03/13 13:33:33 [notice] 1#1: signal 29 (SIGIO) received
2025/03/13 13:33:33 [notice] 1#1: signal 17 (SIGCHLD) received from 44
2025/03/13 13:33:33 [notice] 1#1: worker process 32 exited with code 0
2025/03/13 13:33:33 [notice] 1#1: worker process 35 exited with code 0
2025/03/13 13:33:33 [notice] 1#1: worker process 44 exited with code 0
2025/03/13 13:33:33 [notice] 1#1: signal 29 (SIGIO) received
2025/03/13 13:33:33 [notice] 1#1: signal 17 (SIGCHLD) received from 35
2025/03/13 13:33:33 [notice] 1#1: signal 17 (SIGCHLD) received from 38
2025/03/13 13:33:33 [notice] 1#1: worker process 38 exited with code 0
2025/03/13 13:33:33 [notice] 1#1: exit
2025/03/13 13:33:42 [notice] 1#1: using the "epoll" event method
2025/03/13 13:33:42 [notice] 1#1: nginx/1.27.4
2025/03/13 13:33:42 [notice] 1#1: built by gcc 14.2.0 (Alpine 14.2.0) 
2025/03/13 13:33:42 [notice] 1#1: OS: Linux 5.10.16.3-microsoft-standard-WSL2
2025/03/13 13:33:42 [notice] 1#1: getrlimit(RLIMIT_NOFILE): 1048576:1048576
2025/03/13 13:33:42 [notice] 1#1: start worker processes
2025/03/13 13:33:42 [notice] 1#1: start worker process 29
2025/03/13 13:33:42 [notice] 1#1: start worker process 30
2025/03/13 13:33:42 [notice] 1#1: start worker process 31
2025/03/13 13:33:42 [notice] 1#1: start worker process 32
2025/03/13 13:33:42 [notice] 1#1: start worker process 33
2025/03/13 13:33:42 [notice] 1#1: start worker process 34
2025/03/13 13:33:42 [notice] 1#1: start worker process 35
2025/03/13 13:33:42 [notice] 1#1: start worker process 36
2025/03/13 13:33:42 [notice] 1#1: start worker process 37
2025/03/13 13:33:42 [notice] 1#1: start worker process 38
2025/03/13 13:33:42 [notice] 1#1: start worker process 39
2025/03/13 13:33:42 [notice] 1#1: start worker process 40
2025/03/13 13:33:42 [notice] 1#1: start worker process 41
2025/03/13 13:33:42 [notice] 1#1: start worker process 42
2025/03/13 13:33:42 [notice] 1#1: start worker process 43
2025/03/13 13:33:42 [notice] 1#1: start worker process 44
2025/03/13 13:35:24 [notice] 1#1: signal 3 (SIGQUIT) received, shutting down
2025/03/13 13:35:24 [notice] 29#29: gracefully shutting down
2025/03/13 13:35:24 [notice] 39#39: gracefully shutting down
2025/03/13 13:35:24 [notice] 30#30: gracefully shutting down
2025/03/13 13:35:24 [notice] 31#31: gracefully shutting down
2025/03/13 13:35:24 [notice] 32#32: gracefully shutting down
2025/03/13 13:35:24 [notice] 33#33: gracefully shutting down
2025/03/13 13:35:24 [notice] 34#34: gracefully shutting down
2025/03/13 13:35:24 [notice] 36#36: gracefully shutting down
2025/03/13 13:35:24 [notice] 35#35: gracefully shutting down
2025/03/13 13:35:24 [notice] 37#37: gracefully shutting down
2025/03/13 13:35:24 [notice] 38#38: gracefully shutting down
2025/03/13 13:35:24 [notice] 40#40: gracefully shutting down
2025/03/13 13:35:24 [notice] 29#29: exiting
2025/03/13 13:35:24 [notice] 41#41: gracefully shutting down
2025/03/13 13:35:24 [notice] 42#42: gracefully shutting down
2025/03/13 13:35:24 [notice] 43#43: gracefully shutting down
2025/03/13 13:35:24 [notice] 44#44: gracefully shutting down
2025/03/13 13:35:24 [notice] 39#39: exiting
2025/03/13 13:35:24 [notice] 30#30: exiting
2025/03/13 13:35:24 [notice] 31#31: exiting
2025/03/13 13:35:24 [notice] 32#32: exiting
2025/03/13 13:35:24 [notice] 33#33: exiting
2025/03/13 13:35:24 [notice] 34#34: exiting
2025/03/13 13:35:24 [notice] 36#36: exiting
2025/03/13 13:35:24 [notice] 35#35: exiting
2025/03/13 13:35:24 [notice] 37#37: exiting
2025/03/13 13:35:24 [notice] 38#38: exiting
2025/03/13 13:35:24 [notice] 40#40: exiting
2025/03/13 13:35:24 [notice] 29#29: exit
2025/03/13 13:35:24 [notice] 41#41: exiting
2025/03/13 13:35:24 [notice] 42#42: exiting
2025/03/13 13:35:24 [notice] 43#43: exiting
2025/03/13 13:35:24 [notice] 44#44: exiting
2025/03/13 13:35:24 [notice] 39#39: exit
2025/03/13 13:35:24 [notice] 30#30: exit
2025/03/13 13:35:24 [notice] 31#31: exit
2025/03/13 13:35:24 [notice] 32#32: exit
2025/03/13 13:35:24 [notice] 33#33: exit
2025/03/13 13:35:24 [notice] 34#34: exit
2025/03/13 13:35:24 [notice] 36#36: exit
2025/03/13 13:35:24 [notice] 35#35: exit
2025/03/13 13:35:24 [notice] 37#37: exit
2025/03/13 13:35:24 [notice] 38#38: exit
2025/03/13 13:35:24 [notice] 40#40: exit
2025/03/13 13:35:24 [notice] 41#41: exit
2025/03/13 13:35:24 [notice] 42#42: exit
2025/03/13 13:35:24 [notice] 43#43: exit
2025/03/13 13:35:24 [notice] 44#44: exit
2025/03/13 13:35:24 [notice] 1#1: signal 17 (SIGCHLD) received from 44
2025/03/13 13:35:24 [notice] 1#1: worker process 29 exited with code 0
2025/03/13 13:35:24 [notice] 1#1: worker process 37 exited with code 0
2025/03/13 13:35:24 [notice] 1#1: worker process 44 exited with code 0
2025/03/13 13:35:24 [notice] 1#1: signal 29 (SIGIO) received
2025/03/13 13:35:24 [notice] 1#1: signal 17 (SIGCHLD) received from 29
2025/03/13 13:35:24 [notice] 1#1: signal 17 (SIGCHLD) received from 42
2025/03/13 13:35:24 [notice] 1#1: worker process 30 exited with code 0
2025/03/13 13:35:24 [notice] 1#1: worker process 31 exited with code 0
2025/03/13 13:35:24 [notice] 1#1: worker process 33 exited with code 0
2025/03/13 13:35:24 [notice] 1#1: worker process 36 exited with code 0
2025/03/13 13:35:24 [notice] 1#1: worker process 39 exited with code 0
2025/03/13 13:35:24 [notice] 1#1: worker process 40 exited with code 0
2025/03/13 13:35:24 [notice] 1#1: worker process 41 exited with code 0
2025/03/13 13:35:24 [notice] 1#1: worker process 42 exited with code 0
2025/03/13 13:35:24 [notice] 1#1: signal 29 (SIGIO) received
2025/03/13 13:35:24 [notice] 1#1: signal 17 (SIGCHLD) received from 31
2025/03/13 13:35:24 [notice] 1#1: signal 17 (SIGCHLD) received from 34
2025/03/13 13:35:24 [notice] 1#1: worker process 34 exited with code 0
2025/03/13 13:35:24 [notice] 1#1: signal 29 (SIGIO) received
2025/03/13 13:35:24 [notice] 1#1: signal 17 (SIGCHLD) received from 38
2025/03/13 13:35:24 [notice] 1#1: worker process 32 exited with code 0
2025/03/13 13:35:24 [notice] 1#1: worker process 38 exited with code 0
2025/03/13 13:35:24 [notice] 1#1: worker process 43 exited with code 0
2025/03/13 13:35:24 [notice] 1#1: signal 29 (SIGIO) received
2025/03/13 13:35:24 [notice] 1#1: signal 17 (SIGCHLD) received from 35
2025/03/13 13:35:24 [notice] 1#1: worker process 35 exited with code 0
2025/03/13 13:35:24 [notice] 1#1: exit
2025/03/13 13:35:33 [notice] 1#1: using the "epoll" event method
2025/03/13 13:35:33 [notice] 1#1: nginx/1.27.4
2025/03/13 13:35:33 [notice] 1#1: built by gcc 14.2.0 (Alpine 14.2.0) 
2025/03/13 13:35:33 [notice] 1#1: OS: Linux 5.10.16.3-microsoft-standard-WSL2
2025/03/13 13:35:33 [notice] 1#1: getrlimit(RLIMIT_NOFILE): 1048576:1048576
2025/03/13 13:35:33 [notice] 1#1: start worker processes
2025/03/13 13:35:33 [notice] 1#1: start worker process 29
2025/03/13 13:35:33 [notice] 1#1: start worker process 30
2025/03/13 13:35:33 [notice] 1#1: start worker process 31
2025/03/13 13:35:33 [notice] 1#1: start worker process 32
2025/03/13 13:35:33 [notice] 1#1: start worker process 33
2025/03/13 13:35:33 [notice] 1#1: start worker process 34
2025/03/13 13:35:33 [notice] 1#1: start worker process 35
2025/03/13 13:35:33 [notice] 1#1: start worker process 36
2025/03/13 13:35:33 [notice] 1#1: start worker process 37
2025/03/13 13:35:33 [notice] 1#1: start worker process 38
2025/03/13 13:35:33 [notice] 1#1: start worker process 39
2025/03/13 13:35:33 [notice] 1#1: start worker process 40
2025/03/13 13:35:33 [notice] 1#1: start worker process 41
2025/03/13 13:35:33 [notice] 1#1: start worker process 42
2025/03/13 13:35:33 [notice] 1#1: start worker process 43
2025/03/13 13:35:33 [notice] 1#1: start worker process 44
2025/03/13 13:39:03 [notice] 1#1: signal 3 (SIGQUIT) received, shutting down
2025/03/13 13:39:03 [notice] 29#29: gracefully shutting down
2025/03/13 13:39:03 [notice] 39#39: gracefully shutting down
2025/03/13 13:39:03 [notice] 30#30: gracefully shutting down
2025/03/13 13:39:03 [notice] 31#31: gracefully shutting down
2025/03/13 13:39:03 [notice] 32#32: gracefully shutting down
2025/03/13 13:39:03 [notice] 33#33: gracefully shutting down
2025/03/13 13:39:03 [notice] 34#34: gracefully shutting down
2025/03/13 13:39:03 [notice] 35#35: gracefully shutting down
2025/03/13 13:39:03 [notice] 36#36: gracefully shutting down
2025/03/13 13:39:03 [notice] 37#37: gracefully shutting down
2025/03/13 13:39:03 [notice] 38#38: gracefully shutting down
2025/03/13 13:39:03 [notice] 40#40: gracefully shutting down
2025/03/13 13:39:03 [notice] 29#29: exiting
2025/03/13 13:39:03 [notice] 42#42: gracefully shutting down
2025/03/13 13:39:03 [notice] 41#41: gracefully shutting down
2025/03/13 13:39:03 [notice] 43#43: gracefully shutting down
2025/03/13 13:39:03 [notice] 44#44: gracefully shutting down
2025/03/13 13:39:03 [notice] 39#39: exiting
2025/03/13 13:39:03 [notice] 30#30: exiting
2025/03/13 13:39:03 [notice] 31#31: exiting
2025/03/13 13:39:03 [notice] 32#32: exiting
2025/03/13 13:39:03 [notice] 33#33: exiting
2025/03/13 13:39:03 [notice] 34#34: exiting
2025/03/13 13:39:03 [notice] 35#35: exiting
2025/03/13 13:39:03 [notice] 36#36: exiting
2025/03/13 13:39:03 [notice] 37#37: exiting
2025/03/13 13:39:03 [notice] 38#38: exiting
2025/03/13 13:39:03 [notice] 40#40: exiting
2025/03/13 13:39:03 [notice] 29#29: exit
2025/03/13 13:39:03 [notice] 42#42: exiting
2025/03/13 13:39:03 [notice] 41#41: exiting
2025/03/13 13:39:03 [notice] 43#43: exiting
2025/03/13 13:39:03 [notice] 44#44: exiting
2025/03/13 13:39:03 [notice] 39#39: exit
2025/03/13 13:39:03 [notice] 30#30: exit
2025/03/13 13:39:03 [notice] 31#31: exit
2025/03/13 13:39:03 [notice] 32#32: exit
2025/03/13 13:39:03 [notice] 33#33: exit
2025/03/13 13:39:03 [notice] 34#34: exit
2025/03/13 13:39:03 [notice] 35#35: exit
2025/03/13 13:39:03 [notice] 36#36: exit
2025/03/13 13:39:03 [notice] 37#37: exit
2025/03/13 13:39:03 [notice] 38#38: exit
2025/03/13 13:39:03 [notice] 40#40: exit
2025/03/13 13:39:03 [notice] 42#42: exit
2025/03/13 13:39:03 [notice] 41#41: exit
2025/03/13 13:39:03 [notice] 43#43: exit
2025/03/13 13:39:03 [notice] 44#44: exit
2025/03/13 13:39:04 [notice] 1#1: signal 17 (SIGCHLD) received from 40
2025/03/13 13:39:04 [notice] 1#1: worker process 40 exited with code 0
2025/03/13 13:39:04 [notice] 1#1: signal 29 (SIGIO) received
2025/03/13 13:39:04 [notice] 1#1: signal 17 (SIGCHLD) received from 39
2025/03/13 13:39:04 [notice] 1#1: worker process 29 exited with code 0
2025/03/13 13:39:04 [notice] 1#1: worker process 39 exited with code 0
2025/03/13 13:39:04 [notice] 1#1: signal 29 (SIGIO) received
2025/03/13 13:39:04 [notice] 1#1: signal 17 (SIGCHLD) received from 29
2025/03/13 13:39:04 [notice] 1#1: signal 17 (SIGCHLD) received from 38
2025/03/13 13:39:04 [notice] 1#1: worker process 38 exited with code 0
2025/03/13 13:39:04 [notice] 1#1: worker process 44 exited with code 0
2025/03/13 13:39:04 [notice] 1#1: signal 29 (SIGIO) received
2025/03/13 13:39:04 [notice] 1#1: signal 17 (SIGCHLD) received from 44
2025/03/13 13:39:04 [notice] 1#1: signal 17 (SIGCHLD) received from 41
2025/03/13 13:39:04 [notice] 1#1: worker process 30 exited with code 0
2025/03/13 13:39:04 [notice] 1#1: worker process 34 exited with code 0
2025/03/13 13:39:04 [notice] 1#1: worker process 37 exited with code 0
2025/03/13 13:39:04 [notice] 1#1: worker process 41 exited with code 0
2025/03/13 13:39:04 [notice] 1#1: signal 29 (SIGIO) received
2025/03/13 13:39:04 [notice] 1#1: signal 17 (SIGCHLD) received from 34
2025/03/13 13:39:04 [notice] 1#1: signal 17 (SIGCHLD) received from 35
2025/03/13 13:39:04 [notice] 1#1: worker process 31 exited with code 0
2025/03/13 13:39:04 [notice] 1#1: worker process 32 exited with code 0
2025/03/13 13:39:04 [notice] 1#1: worker process 33 exited with code 0
2025/03/13 13:39:04 [notice] 1#1: worker process 35 exited with code 0
2025/03/13 13:39:04 [notice] 1#1: worker process 36 exited with code 0
2025/03/13 13:39:04 [notice] 1#1: worker process 42 exited with code 0
2025/03/13 13:39:04 [notice] 1#1: worker process 43 exited with code 0
2025/03/13 13:39:04 [notice] 1#1: exit
2025/03/13 13:48:04 [notice] 1#1: using the "epoll" event method
2025/03/13 13:48:04 [notice] 1#1: nginx/1.27.4
2025/03/13 13:48:04 [notice] 1#1: built by gcc 14.2.0 (Alpine 14.2.0) 
2025/03/13 13:48:04 [notice] 1#1: OS: Linux 5.10.16.3-microsoft-standard-WSL2
2025/03/13 13:48:04 [notice] 1#1: getrlimit(RLIMIT_NOFILE): 1048576:1048576
2025/03/13 13:48:04 [notice] 1#1: start worker processes
2025/03/13 13:48:04 [notice] 1#1: start worker process 29
2025/03/13 13:48:04 [notice] 1#1: start worker process 30
2025/03/13 13:48:04 [notice] 1#1: start worker process 31
2025/03/13 13:48:04 [notice] 1#1: start worker process 32
2025/03/13 13:48:04 [notice] 1#1: start worker process 33
2025/03/13 13:48:04 [notice] 1#1: start worker process 34
2025/03/13 13:48:04 [notice] 1#1: start worker process 35
2025/03/13 13:48:04 [notice] 1#1: start worker process 36
2025/03/13 13:48:04 [notice] 1#1: start worker process 37
2025/03/13 13:48:04 [notice] 1#1: start worker process 38
2025/03/13 13:48:04 [notice] 1#1: start worker process 39
2025/03/13 13:48:04 [notice] 1#1: start worker process 40
2025/03/13 13:48:04 [notice] 1#1: start worker process 41
2025/03/13 13:48:04 [notice] 1#1: start worker process 42
2025/03/13 13:48:04 [notice] 1#1: start worker process 43
2025/03/13 13:48:04 [notice] 1#1: start worker process 44
2025/03/13 14:01:01 [notice] 1#1: signal 3 (SIGQUIT) received, shutting down
2025/03/13 14:01:01 [notice] 29#29: gracefully shutting down
2025/03/13 14:01:01 [notice] 30#30: gracefully shutting down
2025/03/13 14:01:01 [notice] 31#31: gracefully shutting down
2025/03/13 14:01:01 [notice] 32#32: gracefully shutting down
2025/03/13 14:01:01 [notice] 33#33: gracefully shutting down
2025/03/13 14:01:01 [notice] 34#34: gracefully shutting down
2025/03/13 14:01:01 [notice] 35#35: gracefully shutting down
2025/03/13 14:01:01 [notice] 36#36: gracefully shutting down
2025/03/13 14:01:01 [notice] 38#38: gracefully shutting down
2025/03/13 14:01:01 [notice] 37#37: gracefully shutting down
2025/03/13 14:01:01 [notice] 39#39: gracefully shutting down
2025/03/13 14:01:01 [notice] 40#40: gracefully shutting down
2025/03/13 14:01:01 [notice] 41#41: gracefully shutting down
2025/03/13 14:01:01 [notice] 42#42: gracefully shutting down
2025/03/13 14:01:01 [notice] 43#43: gracefully shutting down
2025/03/13 14:01:01 [notice] 44#44: gracefully shutting down
2025/03/13 14:01:01 [notice] 29#29: exiting
2025/03/13 14:01:01 [notice] 30#30: exiting
2025/03/13 14:01:01 [notice] 29#29: exit
2025/03/13 14:01:01 [notice] 31#31: exiting
2025/03/13 14:01:01 [notice] 32#32: exiting
2025/03/13 14:01:01 [notice] 33#33: exiting
2025/03/13 14:01:01 [notice] 34#34: exiting
2025/03/13 14:01:01 [notice] 35#35: exiting
2025/03/13 14:01:01 [notice] 36#36: exiting
2025/03/13 14:01:01 [notice] 38#38: exiting
2025/03/13 14:01:01 [notice] 37#37: exiting
2025/03/13 14:01:01 [notice] 39#39: exiting
2025/03/13 14:01:01 [notice] 40#40: exiting
2025/03/13 14:01:01 [notice] 41#41: exiting
2025/03/13 14:01:01 [notice] 42#42: exiting
2025/03/13 14:01:01 [notice] 43#43: exiting
2025/03/13 14:01:01 [notice] 44#44: exiting
2025/03/13 14:01:01 [notice] 30#30: exit
2025/03/13 14:01:01 [notice] 31#31: exit
2025/03/13 14:01:01 [notice] 32#32: exit
2025/03/13 14:01:01 [notice] 33#33: exit
2025/03/13 14:01:01 [notice] 34#34: exit
2025/03/13 14:01:01 [notice] 35#35: exit
2025/03/13 14:01:01 [notice] 36#36: exit
2025/03/13 14:01:01 [notice] 38#38: exit
2025/03/13 14:01:01 [notice] 37#37: exit
2025/03/13 14:01:01 [notice] 39#39: exit
2025/03/13 14:01:01 [notice] 40#40: exit
2025/03/13 14:01:01 [notice] 41#41: exit
2025/03/13 14:01:01 [notice] 42#42: exit
2025/03/13 14:01:01 [notice] 43#43: exit
2025/03/13 14:01:01 [notice] 44#44: exit
2025/03/13 14:01:01 [notice] 1#1: signal 17 (SIGCHLD) received from 40
2025/03/13 14:01:01 [notice] 1#1: worker process 35 exited with code 0
2025/03/13 14:01:01 [notice] 1#1: worker process 40 exited with code 0
2025/03/13 14:01:01 [notice] 1#1: signal 29 (SIGIO) received
2025/03/13 14:01:01 [notice] 1#1: signal 17 (SIGCHLD) received from 35
2025/03/13 14:01:01 [notice] 1#1: signal 17 (SIGCHLD) received from 31
2025/03/13 14:01:01 [notice] 1#1: worker process 31 exited with code 0
2025/03/13 14:01:01 [notice] 1#1: signal 29 (SIGIO) received
2025/03/13 14:01:01 [notice] 1#1: signal 17 (SIGCHLD) received from 38
2025/03/13 14:01:01 [notice] 1#1: worker process 33 exited with code 0
2025/03/13 14:01:01 [notice] 1#1: worker process 38 exited with code 0
2025/03/13 14:01:01 [notice] 1#1: worker process 42 exited with code 0
2025/03/13 14:01:01 [notice] 1#1: signal 29 (SIGIO) received
2025/03/13 14:01:01 [notice] 1#1: signal 17 (SIGCHLD) received from 43
2025/03/13 14:01:01 [notice] 1#1: worker process 32 exited with code 0
2025/03/13 14:01:01 [notice] 1#1: worker process 43 exited with code 0
2025/03/13 14:01:01 [notice] 1#1: signal 29 (SIGIO) received
2025/03/13 14:01:01 [notice] 1#1: signal 17 (SIGCHLD) received from 32
2025/03/13 14:01:01 [notice] 1#1: signal 17 (SIGCHLD) received from 29
2025/03/13 14:01:01 [notice] 1#1: worker process 29 exited with code 0
2025/03/13 14:01:01 [notice] 1#1: signal 29 (SIGIO) received
2025/03/13 14:01:01 [notice] 1#1: signal 17 (SIGCHLD) received from 39
2025/03/13 14:01:01 [notice] 1#1: worker process 36 exited with code 0
2025/03/13 14:01:01 [notice] 1#1: worker process 37 exited with code 0
2025/03/13 14:01:01 [notice] 1#1: worker process 39 exited with code 0
2025/03/13 14:01:01 [notice] 1#1: worker process 44 exited with code 0
2025/03/13 14:01:01 [notice] 1#1: signal 29 (SIGIO) received
2025/03/13 14:01:01 [notice] 1#1: signal 17 (SIGCHLD) received from 30
2025/03/13 14:01:01 [notice] 1#1: worker process 30 exited with code 0
2025/03/13 14:01:01 [notice] 1#1: worker process 41 exited with code 0
2025/03/13 14:01:01 [notice] 1#1: signal 29 (SIGIO) received
2025/03/13 14:01:01 [notice] 1#1: signal 17 (SIGCHLD) received from 34
2025/03/13 14:01:01 [notice] 1#1: worker process 34 exited with code 0
2025/03/13 14:01:01 [notice] 1#1: exit
2025/03/13 14:02:18 [emerg] 1#1: host not found in upstream "php" in /etc/nginx/conf.d/default.conf:18
2025/03/13 14:02:49 [emerg] 1#1: host not found in upstream "php" in /etc/nginx/conf.d/default.conf:18
2025/03/13 14:08:36 [notice] 1#1: using the "epoll" event method
2025/03/13 14:08:36 [notice] 1#1: nginx/1.27.4
2025/03/13 14:08:36 [notice] 1#1: built by gcc 14.2.0 (Alpine 14.2.0) 
2025/03/13 14:08:36 [notice] 1#1: OS: Linux 5.10.16.3-microsoft-standard-WSL2
2025/03/13 14:08:36 [notice] 1#1: getrlimit(RLIMIT_NOFILE): 1048576:1048576
2025/03/13 14:08:36 [notice] 1#1: start worker processes
2025/03/13 14:08:36 [notice] 1#1: start worker process 29
2025/03/13 14:08:36 [notice] 1#1: start worker process 30
2025/03/13 14:08:36 [notice] 1#1: start worker process 31
2025/03/13 14:08:36 [notice] 1#1: start worker process 32
2025/03/13 14:08:36 [notice] 1#1: start worker process 33
2025/03/13 14:08:36 [notice] 1#1: start worker process 34
2025/03/13 14:08:36 [notice] 1#1: start worker process 35
2025/03/13 14:08:36 [notice] 1#1: start worker process 36
2025/03/13 14:08:36 [notice] 1#1: start worker process 37
2025/03/13 14:08:36 [notice] 1#1: start worker process 38
2025/03/13 14:08:36 [notice] 1#1: start worker process 39
2025/03/13 14:08:36 [notice] 1#1: start worker process 40
2025/03/13 14:08:36 [notice] 1#1: start worker process 41
2025/03/13 14:08:36 [notice] 1#1: start worker process 42
2025/03/13 14:08:36 [notice] 1#1: start worker process 43
2025/03/13 14:08:36 [notice] 1#1: start worker process 44
2025/03/13 14:10:12 [error] 40#40: *915 connect() failed (111: Connection refused) while connecting to upstream, client: 172.20.0.1, server: , request: "POST /logstores/logstore_ens_ip/shards/lb HTTP/1.1", upstream: "fastcgi://172.20.0.4:9000", host: "easeusinfo.us-east-1.log.aliyuncs.com"
2025/03/13 14:11:11 [error] 40#40: *919 connect() failed (113: Host is unreachable) while connecting to upstream, client: 172.20.0.1, server: , request: "GET / HTTP/1.1", upstream: "fastcgi://172.20.0.4:9000", host: "localhost"
2025/03/13 14:11:16 [error] 40#40: *919 connect() failed (113: Host is unreachable) while connecting to upstream, client: 172.20.0.1, server: , request: "GET /favicon.ico HTTP/1.1", upstream: "fastcgi://172.20.0.4:9000", host: "localhost", referrer: "http://localhost/"
2025/03/13 15:04:22 [notice] 1#1: signal 3 (SIGQUIT) received, shutting down
2025/03/13 15:04:22 [notice] 29#29: gracefully shutting down
2025/03/13 15:04:22 [notice] 39#39: gracefully shutting down
2025/03/13 15:04:22 [notice] 31#31: gracefully shutting down
2025/03/13 15:04:22 [notice] 34#34: gracefully shutting down
2025/03/13 15:04:22 [notice] 35#35: gracefully shutting down
2025/03/13 15:04:22 [notice] 30#30: gracefully shutting down
2025/03/13 15:04:22 [notice] 36#36: gracefully shutting down
2025/03/13 15:04:22 [notice] 32#32: gracefully shutting down
2025/03/13 15:04:22 [notice] 37#37: gracefully shutting down
2025/03/13 15:04:22 [notice] 38#38: gracefully shutting down
2025/03/13 15:04:22 [notice] 33#33: gracefully shutting down
2025/03/13 15:04:22 [notice] 40#40: gracefully shutting down
2025/03/13 15:04:22 [notice] 41#41: gracefully shutting down
2025/03/13 15:04:22 [notice] 42#42: gracefully shutting down
2025/03/13 15:04:22 [notice] 43#43: gracefully shutting down
2025/03/13 15:04:22 [notice] 44#44: gracefully shutting down
2025/03/13 15:04:22 [notice] 39#39: exiting
2025/03/13 15:04:22 [notice] 42#42: exiting
2025/03/13 15:04:22 [notice] 29#29: exiting
2025/03/13 15:04:22 [notice] 44#44: exiting
2025/03/13 15:04:22 [notice] 31#31: exiting
2025/03/13 15:04:22 [notice] 34#34: exiting
2025/03/13 15:04:22 [notice] 35#35: exiting
2025/03/13 15:04:22 [notice] 30#30: exiting
2025/03/13 15:04:22 [notice] 35#35: exit
2025/03/13 15:04:22 [notice] 36#36: exiting
2025/03/13 15:04:22 [notice] 32#32: exiting
2025/03/13 15:04:22 [notice] 37#37: exiting
2025/03/13 15:04:22 [notice] 33#33: exiting
2025/03/13 15:04:22 [notice] 38#38: exiting
2025/03/13 15:04:22 [notice] 40#40: exiting
2025/03/13 15:04:22 [notice] 41#41: exiting
2025/03/13 15:04:22 [notice] 43#43: exiting
2025/03/13 15:04:22 [notice] 44#44: exit
2025/03/13 15:04:22 [notice] 29#29: exit
2025/03/13 15:04:22 [notice] 39#39: exit
2025/03/13 15:04:22 [notice] 31#31: exit
2025/03/13 15:04:22 [notice] 42#42: exit
2025/03/13 15:04:22 [notice] 34#34: exit
2025/03/13 15:04:22 [notice] 30#30: exit
2025/03/13 15:04:22 [notice] 36#36: exit
2025/03/13 15:04:22 [notice] 32#32: exit
2025/03/13 15:04:22 [notice] 37#37: exit
2025/03/13 15:04:22 [notice] 33#33: exit
2025/03/13 15:04:22 [notice] 38#38: exit
2025/03/13 15:04:22 [notice] 40#40: exit
2025/03/13 15:04:22 [notice] 41#41: exit
2025/03/13 15:04:22 [notice] 43#43: exit
2025/03/13 15:04:22 [notice] 1#1: signal 17 (SIGCHLD) received from 30
2025/03/13 15:04:22 [notice] 1#1: worker process 30 exited with code 0
2025/03/13 15:04:22 [notice] 1#1: worker process 38 exited with code 0
2025/03/13 15:04:22 [notice] 1#1: signal 29 (SIGIO) received
2025/03/13 15:04:22 [notice] 1#1: signal 17 (SIGCHLD) received from 29
2025/03/13 15:04:22 [notice] 1#1: worker process 29 exited with code 0
2025/03/13 15:04:22 [notice] 1#1: worker process 31 exited with code 0
2025/03/13 15:04:22 [notice] 1#1: worker process 34 exited with code 0
2025/03/13 15:04:22 [notice] 1#1: worker process 39 exited with code 0
2025/03/13 15:04:22 [notice] 1#1: worker process 40 exited with code 0
2025/03/13 15:04:22 [notice] 1#1: worker process 43 exited with code 0
2025/03/13 15:04:22 [notice] 1#1: signal 29 (SIGIO) received
2025/03/13 15:04:22 [notice] 1#1: signal 17 (SIGCHLD) received from 34
2025/03/13 15:04:22 [notice] 1#1: signal 17 (SIGCHLD) received from 35
2025/03/13 15:04:22 [notice] 1#1: worker process 35 exited with code 0
2025/03/13 15:04:22 [notice] 1#1: worker process 36 exited with code 0
2025/03/13 15:04:22 [notice] 1#1: signal 29 (SIGIO) received
2025/03/13 15:04:22 [notice] 1#1: signal 17 (SIGCHLD) received from 32
2025/03/13 15:04:22 [notice] 1#1: worker process 32 exited with code 0
2025/03/13 15:04:22 [notice] 1#1: signal 29 (SIGIO) received
2025/03/13 15:04:22 [notice] 1#1: signal 17 (SIGCHLD) received from 44
2025/03/13 15:04:22 [notice] 1#1: worker process 37 exited with code 0
2025/03/13 15:04:22 [notice] 1#1: worker process 44 exited with code 0
2025/03/13 15:04:22 [notice] 1#1: signal 29 (SIGIO) received
2025/03/13 15:04:22 [notice] 1#1: signal 17 (SIGCHLD) received from 42
2025/03/13 15:04:22 [notice] 1#1: worker process 33 exited with code 0
2025/03/13 15:04:22 [notice] 1#1: worker process 42 exited with code 0
2025/03/13 15:04:22 [notice] 1#1: signal 29 (SIGIO) received
2025/03/13 15:04:22 [notice] 1#1: signal 17 (SIGCHLD) received from 41
2025/03/13 15:04:22 [notice] 1#1: worker process 41 exited with code 0
2025/03/13 15:04:22 [notice] 1#1: exit
2025/03/13 15:04:25 [notice] 1#1: using the "epoll" event method
2025/03/13 15:04:25 [notice] 1#1: nginx/1.27.4
2025/03/13 15:04:25 [notice] 1#1: built by gcc 14.2.0 (Alpine 14.2.0) 
2025/03/13 15:04:25 [notice] 1#1: OS: Linux 5.10.16.3-microsoft-standard-WSL2
2025/03/13 15:04:25 [notice] 1#1: getrlimit(RLIMIT_NOFILE): 1048576:1048576
2025/03/13 15:04:25 [notice] 1#1: start worker processes
2025/03/13 15:04:25 [notice] 1#1: start worker process 29
2025/03/13 15:04:25 [notice] 1#1: start worker process 30
2025/03/13 15:04:25 [notice] 1#1: start worker process 31
2025/03/13 15:04:25 [notice] 1#1: start worker process 32
2025/03/13 15:04:25 [notice] 1#1: start worker process 33
2025/03/13 15:04:25 [notice] 1#1: start worker process 34
2025/03/13 15:04:25 [notice] 1#1: start worker process 35
2025/03/13 15:04:25 [notice] 1#1: start worker process 36
2025/03/13 15:04:25 [notice] 1#1: start worker process 37
2025/03/13 15:04:25 [notice] 1#1: start worker process 38
2025/03/13 15:04:25 [notice] 1#1: start worker process 39
2025/03/13 15:04:25 [notice] 1#1: start worker process 40
2025/03/13 15:04:25 [notice] 1#1: start worker process 41
2025/03/13 15:04:25 [notice] 1#1: start worker process 42
2025/03/13 15:04:25 [notice] 1#1: start worker process 43
2025/03/13 15:04:25 [notice] 1#1: start worker process 44
2025/03/13 15:05:53 [notice] 1#1: signal 3 (SIGQUIT) received, shutting down
2025/03/13 15:05:53 [notice] 29#29: gracefully shutting down
2025/03/13 15:05:53 [notice] 35#35: gracefully shutting down
2025/03/13 15:05:53 [notice] 30#30: gracefully shutting down
2025/03/13 15:05:53 [notice] 31#31: gracefully shutting down
2025/03/13 15:05:53 [notice] 32#32: gracefully shutting down
2025/03/13 15:05:53 [notice] 33#33: gracefully shutting down
2025/03/13 15:05:53 [notice] 34#34: gracefully shutting down
2025/03/13 15:05:53 [notice] 36#36: gracefully shutting down
2025/03/13 15:05:53 [notice] 37#37: gracefully shutting down
2025/03/13 15:05:53 [notice] 29#29: exiting
2025/03/13 15:05:53 [notice] 38#38: gracefully shutting down
2025/03/13 15:05:53 [notice] 39#39: gracefully shutting down
2025/03/13 15:05:53 [notice] 40#40: gracefully shutting down
2025/03/13 15:05:53 [notice] 41#41: gracefully shutting down
2025/03/13 15:05:53 [notice] 42#42: gracefully shutting down
2025/03/13 15:05:53 [notice] 43#43: gracefully shutting down
2025/03/13 15:05:53 [notice] 35#35: exiting
2025/03/13 15:05:53 [notice] 44#44: gracefully shutting down
2025/03/13 15:05:53 [notice] 30#30: exiting
2025/03/13 15:05:53 [notice] 31#31: exiting
2025/03/13 15:05:53 [notice] 32#32: exiting
2025/03/13 15:05:53 [notice] 33#33: exiting
2025/03/13 15:05:53 [notice] 34#34: exiting
2025/03/13 15:05:53 [notice] 36#36: exiting
2025/03/13 15:05:53 [notice] 37#37: exiting
2025/03/13 15:05:53 [notice] 29#29: exit
2025/03/13 15:05:53 [notice] 38#38: exiting
2025/03/13 15:05:53 [notice] 39#39: exiting
2025/03/13 15:05:53 [notice] 40#40: exiting
2025/03/13 15:05:53 [notice] 41#41: exiting
2025/03/13 15:05:53 [notice] 42#42: exiting
2025/03/13 15:05:53 [notice] 43#43: exiting
2025/03/13 15:05:53 [notice] 35#35: exit
2025/03/13 15:05:53 [notice] 43#43: exit
2025/03/13 15:05:53 [notice] 44#44: exiting
2025/03/13 15:05:53 [notice] 30#30: exit
2025/03/13 15:05:53 [notice] 31#31: exit
2025/03/13 15:05:53 [notice] 32#32: exit
2025/03/13 15:05:53 [notice] 33#33: exit
2025/03/13 15:05:53 [notice] 34#34: exit
2025/03/13 15:05:53 [notice] 36#36: exit
2025/03/13 15:05:53 [notice] 37#37: exit
2025/03/13 15:05:53 [notice] 38#38: exit
2025/03/13 15:05:53 [notice] 39#39: exit
2025/03/13 15:05:53 [notice] 40#40: exit
2025/03/13 15:05:53 [notice] 41#41: exit
2025/03/13 15:05:53 [notice] 42#42: exit
2025/03/13 15:05:53 [notice] 44#44: exit
2025/03/13 15:05:53 [notice] 1#1: signal 17 (SIGCHLD) received from 42
2025/03/13 15:05:53 [notice] 1#1: worker process 42 exited with code 0
2025/03/13 15:05:53 [notice] 1#1: signal 29 (SIGIO) received
2025/03/13 15:05:53 [notice] 1#1: signal 17 (SIGCHLD) received from 34
2025/03/13 15:05:53 [notice] 1#1: worker process 34 exited with code 0
2025/03/13 15:05:53 [notice] 1#1: worker process 40 exited with code 0
2025/03/13 15:05:53 [notice] 1#1: signal 29 (SIGIO) received
2025/03/13 15:05:53 [notice] 1#1: signal 17 (SIGCHLD) received from 38
2025/03/13 15:05:53 [notice] 1#1: worker process 33 exited with code 0
2025/03/13 15:05:53 [notice] 1#1: worker process 35 exited with code 0
2025/03/13 15:05:53 [notice] 1#1: worker process 36 exited with code 0
2025/03/13 15:05:53 [notice] 1#1: worker process 38 exited with code 0
2025/03/13 15:05:53 [notice] 1#1: worker process 41 exited with code 0
2025/03/13 15:05:53 [notice] 1#1: worker process 43 exited with code 0
2025/03/13 15:05:53 [notice] 1#1: signal 29 (SIGIO) received
2025/03/13 15:05:53 [notice] 1#1: signal 17 (SIGCHLD) received from 43
2025/03/13 15:05:53 [notice] 1#1: signal 17 (SIGCHLD) received from 31
2025/03/13 15:05:53 [notice] 1#1: worker process 31 exited with code 0
2025/03/13 15:05:53 [notice] 1#1: worker process 37 exited with code 0
2025/03/13 15:05:53 [notice] 1#1: worker process 39 exited with code 0
2025/03/13 15:05:53 [notice] 1#1: signal 29 (SIGIO) received
2025/03/13 15:05:53 [notice] 1#1: signal 17 (SIGCHLD) received from 29
2025/03/13 15:05:53 [notice] 1#1: worker process 29 exited with code 0
2025/03/13 15:05:53 [notice] 1#1: worker process 30 exited with code 0
2025/03/13 15:05:53 [notice] 1#1: signal 29 (SIGIO) received
2025/03/13 15:05:53 [notice] 1#1: signal 17 (SIGCHLD) received from 30
2025/03/13 15:05:53 [notice] 1#1: signal 17 (SIGCHLD) received from 32
2025/03/13 15:05:53 [notice] 1#1: worker process 32 exited with code 0
2025/03/13 15:05:53 [notice] 1#1: signal 29 (SIGIO) received
2025/03/13 15:05:53 [notice] 1#1: signal 17 (SIGCHLD) received from 44
2025/03/13 15:05:53 [notice] 1#1: worker process 44 exited with code 0
2025/03/13 15:05:53 [notice] 1#1: exit
2025/03/13 15:08:29 [notice] 1#1: using the "epoll" event method
2025/03/13 15:08:29 [notice] 1#1: nginx/1.27.4
2025/03/13 15:08:29 [notice] 1#1: built by gcc 14.2.0 (Alpine 14.2.0) 
2025/03/13 15:08:29 [notice] 1#1: OS: Linux 5.10.16.3-microsoft-standard-WSL2
2025/03/13 15:08:29 [notice] 1#1: getrlimit(RLIMIT_NOFILE): 1048576:1048576
2025/03/13 15:08:29 [notice] 1#1: start worker processes
2025/03/13 15:08:29 [notice] 1#1: start worker process 29
2025/03/13 15:08:29 [notice] 1#1: start worker process 30
2025/03/13 15:08:29 [notice] 1#1: start worker process 31
2025/03/13 15:08:29 [notice] 1#1: start worker process 32
2025/03/13 15:08:29 [notice] 1#1: start worker process 33
2025/03/13 15:08:29 [notice] 1#1: start worker process 34
2025/03/13 15:08:29 [notice] 1#1: start worker process 35
2025/03/13 15:08:29 [notice] 1#1: start worker process 36
2025/03/13 15:08:29 [notice] 1#1: start worker process 37
2025/03/13 15:08:29 [notice] 1#1: start worker process 38
2025/03/13 15:08:29 [notice] 1#1: start worker process 39
2025/03/13 15:08:29 [notice] 1#1: start worker process 40
2025/03/13 15:08:29 [notice] 1#1: start worker process 41
2025/03/13 15:08:29 [notice] 1#1: start worker process 42
2025/03/13 15:08:29 [notice] 1#1: start worker process 43
2025/03/13 15:08:29 [notice] 1#1: start worker process 44
